*** Starting uWSGI 2.0.19.1 (64bit) on [Mon Jan  4 20:22:07 2021] ***
compiled with version: 4.2.1 Compatible Apple LLVM 11.0.3 (clang-1103.0.32.62) on 07 December 2020 06:21:53
os: Darwin-19.6.0 Darwin Kernel Version 19.6.0: Thu Jun 18 20:49:00 PDT 2020; root:xnu-6153.141.1~1/RELEASE_X86_64
nodename: zhangxiaoshandeMacBook-Pro-2.local
machine: x86_64
clock source: unix
pcre jit disabled
detected number of CPU cores: 12
current working directory: /Users/zhangxiaoshan/workspace/GitCache
writing pidfile to /Users/zhangxiaoshan/workspace/GitCache/bin/uwsgi/uwsgi.pid
detected binary path: /Users/zhangxiaoshan/workspace/GitCache/venv/bin/uwsgi
chdir() to /Users/zhangxiaoshan/workspace/GitCache
your processes number limit is 5568
your memory page size is 4096 bytes
detected max file descriptor number: 2560
lock engine: OSX spinlocks
thunder lock: enabled
uWSGI http bound on 127.0.0.1:5056 fd 4
uwsgi socket 0 bound to TCP address 127.0.0.1:58629 (port auto-assigned) fd 3
Python version: 2.7.16 (default, Jun  5 2020, 22:59:21)  [GCC 4.2.1 Compatible Apple LLVM 11.0.3 (clang-1103.0.29.20) (-macos10.15-objc-selector-opts)]
Python main interpreter initialized at 0x7f7f74f04880
python threads support enabled
your server socket listen backlog is limited to 100 connections
your mercy for graceful operations on workers is 60 seconds
mapped 486528 bytes (475 KB) for 5 cores
*** Operational MODE: preforking ***
WSGI app 0 (mountpoint='') ready in 1 seconds on interpreter 0x7f7f74f04880 pid: 23159 (default app)
*** uWSGI is running in multiple interpreter mode ***
spawned uWSGI master process (pid: 23159)
spawned uWSGI worker 1 (pid: 23160, cores: 1)
spawned uWSGI worker 2 (pid: 23161, cores: 1)
spawned uWSGI worker 3 (pid: 23162, cores: 1)
spawned uWSGI worker 4 (pid: 23163, cores: 1)
spawned uWSGI worker 5 (pid: 23164, cores: 1)
*** Stats server enabled on /Users/zhangxiaoshan/workspace/GitCache/bin/uwsgi/uwsgi.status fd: 20 ***
spawned uWSGI http 1 (pid: 23165)
SIGINT/SIGQUIT received...killing workers...
gateway "uWSGI http 1" has been buried (pid: 23165)
worker 5 buried after 1 seconds
worker 4 buried after 1 seconds
worker 3 buried after 1 seconds
worker 2 buried after 1 seconds
[deadlock-detector] pid 23160 was holding lock thunder (0x101de6000)
worker 1 buried after 1 seconds
goodbye to uWSGI.
VACUUM: pidfile removed.
VACUUM: unix socket /Users/zhangxiaoshan/workspace/GitCache/bin/uwsgi/uwsgi.status (stats) removed.
*** Starting uWSGI 2.0.19.1 (64bit) on [Mon Jan  4 20:25:21 2021] ***
compiled with version: 4.2.1 Compatible Apple LLVM 11.0.3 (clang-1103.0.32.62) on 07 December 2020 06:21:53
os: Darwin-19.6.0 Darwin Kernel Version 19.6.0: Thu Jun 18 20:49:00 PDT 2020; root:xnu-6153.141.1~1/RELEASE_X86_64
nodename: zhangxiaoshandeMacBook-Pro-2.local
machine: x86_64
clock source: unix
pcre jit disabled
detected number of CPU cores: 12
current working directory: /Users/zhangxiaoshan/workspace/GitCache
writing pidfile to /Users/zhangxiaoshan/workspace/GitCache/bin/uwsgi/uwsgi.pid
detected binary path: /Users/zhangxiaoshan/workspace/GitCache/venv/bin/uwsgi
chdir() to /Users/zhangxiaoshan/workspace/GitCache
your processes number limit is 5568
your memory page size is 4096 bytes
detected max file descriptor number: 2560
lock engine: OSX spinlocks
thunder lock: enabled
uWSGI http bound on 127.0.0.1:5056 fd 4
uwsgi socket 0 bound to TCP address 127.0.0.1:60081 (port auto-assigned) fd 3
Python version: 2.7.16 (default, Jun  5 2020, 22:59:21)  [GCC 4.2.1 Compatible Apple LLVM 11.0.3 (clang-1103.0.29.20) (-macos10.15-objc-selector-opts)]
Python main interpreter initialized at 0x7fde98c068c0
python threads support enabled
your server socket listen backlog is limited to 100 connections
your mercy for graceful operations on workers is 60 seconds
mapped 486528 bytes (475 KB) for 5 cores
*** Operational MODE: preforking ***
WSGI app 0 (mountpoint='') ready in 0 seconds on interpreter 0x7fde98c068c0 pid: 23363 (default app)
*** uWSGI is running in multiple interpreter mode ***
spawned uWSGI master process (pid: 23363)
spawned uWSGI worker 1 (pid: 23365, cores: 1)
spawned uWSGI worker 2 (pid: 23366, cores: 1)
spawned uWSGI worker 3 (pid: 23367, cores: 1)
spawned uWSGI worker 4 (pid: 23368, cores: 1)
spawned uWSGI worker 5 (pid: 23369, cores: 1)
*** Stats server enabled on /Users/zhangxiaoshan/workspace/GitCache/bin/uwsgi/uwsgi.status fd: 20 ***
spawned uWSGI http 1 (pid: 23370)
[pid: 23365|app: 0|req: 1/1] 127.0.0.1 () {44 vars in 825 bytes} [Mon Jan  4 20:25:40 2021] GET /index => generated 4678 bytes in 14 msecs (HTTP/1.1 200) 2 headers in 81 bytes (1 switches on core 0)
[pid: 23365|app: 0|req: 2/2] 127.0.0.1 () {44 vars in 811 bytes} [Mon Jan  4 20:25:40 2021] GET /static/img/slide-1.a976180d.jpg => generated 70648 bytes in 9 msecs via sendfile() (HTTP/1.1 200) 7 headers in 268 bytes (1 switches on core 0)
SIGINT/SIGQUIT received...killing workers...
gateway "uWSGI http 1" has been buried (pid: 23370)
worker 5 buried after 1 seconds
worker 4 buried after 1 seconds
worker 3 buried after 1 seconds
worker 2 buried after 1 seconds
[deadlock-detector] pid 23365 was holding lock thunder (0x10f265000)
worker 1 buried after 1 seconds
goodbye to uWSGI.
VACUUM: pidfile removed.
VACUUM: unix socket /Users/zhangxiaoshan/workspace/GitCache/bin/uwsgi/uwsgi.status (stats) removed.
*** Starting uWSGI 2.0.19.1 (64bit) on [Tue Jan  5 14:27:35 2021] ***
compiled with version: 4.2.1 Compatible Apple LLVM 11.0.3 (clang-1103.0.32.62) on 07 December 2020 06:21:53
os: Darwin-19.6.0 Darwin Kernel Version 19.6.0: Thu Jun 18 20:49:00 PDT 2020; root:xnu-6153.141.1~1/RELEASE_X86_64
nodename: bogon
machine: x86_64
clock source: unix
pcre jit disabled
detected number of CPU cores: 12
current working directory: /Users/zhangxiaoshan/workspace/GitCache
writing pidfile to ./bin/uwsgi/uwsgi.pid
detected binary path: /Users/zhangxiaoshan/workspace/GitCache/venv/bin/uwsgi
chdir() to .
your processes number limit is 5568
your memory page size is 4096 bytes
detected max file descriptor number: 2560
lock engine: OSX spinlocks
thunder lock: enabled
uWSGI http bound on 127.0.0.1:5056 fd 4
uwsgi socket 0 bound to TCP address 127.0.0.1:57660 (port auto-assigned) fd 3
Python version: 2.7.16 (default, Jun  5 2020, 22:59:21)  [GCC 4.2.1 Compatible Apple LLVM 11.0.3 (clang-1103.0.29.20) (-macos10.15-objc-selector-opts)]
Python main interpreter initialized at 0x7fe31a407060
python threads support enabled
your server socket listen backlog is limited to 100 connections
your mercy for graceful operations on workers is 60 seconds
mapped 486528 bytes (475 KB) for 5 cores
*** Operational MODE: preforking ***
WSGI app 0 (mountpoint='') ready in 0 seconds on interpreter 0x7fe31a407060 pid: 40123 (default app)
*** uWSGI is running in multiple interpreter mode ***
spawned uWSGI master process (pid: 40123)
spawned uWSGI worker 1 (pid: 40124, cores: 1)
spawned uWSGI worker 2 (pid: 40125, cores: 1)
spawned uWSGI worker 3 (pid: 40126, cores: 1)
spawned uWSGI worker 4 (pid: 40127, cores: 1)
spawned uWSGI worker 5 (pid: 40128, cores: 1)
*** Stats server enabled on ./bin/uwsgi/uwsgi.status fd: 20 ***
spawned uWSGI http 1 (pid: 40129)
SIGINT/SIGQUIT received...killing workers...
gateway "uWSGI http 1" has been buried (pid: 40129)
worker 5 buried after 1 seconds
worker 4 buried after 1 seconds
worker 3 buried after 1 seconds
worker 2 buried after 1 seconds
[deadlock-detector] pid 40124 was holding lock thunder (0x10a587000)
worker 1 buried after 1 seconds
goodbye to uWSGI.
VACUUM: pidfile removed.
VACUUM: unix socket ./bin/uwsgi/uwsgi.status (stats) removed.
*** Starting uWSGI 2.0.19.1 (64bit) on [Tue Jan  5 14:40:24 2021] ***
compiled with version: 4.2.1 Compatible Apple LLVM 11.0.3 (clang-1103.0.32.62) on 07 December 2020 06:21:53
os: Darwin-19.6.0 Darwin Kernel Version 19.6.0: Thu Jun 18 20:49:00 PDT 2020; root:xnu-6153.141.1~1/RELEASE_X86_64
nodename: bogon
machine: x86_64
clock source: unix
pcre jit disabled
detected number of CPU cores: 12
current working directory: /Users/zhangxiaoshan/workspace/GitCache
writing pidfile to ./bin/uwsgi/uwsgi.pid
detected binary path: /Users/zhangxiaoshan/workspace/GitCache/venv/bin/uwsgi
chdir() to .
your processes number limit is 5568
your memory page size is 4096 bytes
detected max file descriptor number: 2560
lock engine: OSX spinlocks
thunder lock: enabled
uWSGI http bound on 127.0.0.1:5056 fd 4
uwsgi socket 0 bound to TCP address 127.0.0.1:63318 (port auto-assigned) fd 3
Python version: 2.7.16 (default, Jun  5 2020, 22:59:21)  [GCC 4.2.1 Compatible Apple LLVM 11.0.3 (clang-1103.0.29.20) (-macos10.15-objc-selector-opts)]
Python main interpreter initialized at 0x7fef93e091c0
python threads support enabled
your server socket listen backlog is limited to 100 connections
your mercy for graceful operations on workers is 60 seconds
mapped 486528 bytes (475 KB) for 5 cores
*** Operational MODE: preforking ***
WSGI app 0 (mountpoint='') ready in 0 seconds on interpreter 0x7fef93e091c0 pid: 40764 (default app)
*** uWSGI is running in multiple interpreter mode ***
spawned uWSGI master process (pid: 40764)
spawned uWSGI worker 1 (pid: 40765, cores: 1)
spawned uWSGI worker 2 (pid: 40766, cores: 1)
spawned uWSGI worker 3 (pid: 40767, cores: 1)
spawned uWSGI worker 4 (pid: 40768, cores: 1)
spawned uWSGI worker 5 (pid: 40769, cores: 1)
*** Stats server enabled on ./bin/uwsgi/uwsgi.status fd: 20 ***
spawned uWSGI http 1 (pid: 40770)
SIGINT/SIGQUIT received...killing workers...
gateway "uWSGI http 1" has been buried (pid: 40770)
worker 5 buried after 1 seconds
worker 4 buried after 1 seconds
worker 3 buried after 1 seconds
worker 2 buried after 1 seconds
[deadlock-detector] pid 40765 was holding lock thunder (0x107f25000)
worker 1 buried after 1 seconds
goodbye to uWSGI.
VACUUM: pidfile removed.
VACUUM: unix socket ./bin/uwsgi/uwsgi.status (stats) removed.
*** Starting uWSGI 2.0.19.1 (64bit) on [Sun Apr 11 12:48:23 2021] ***
compiled with version: Apple LLVM 12.0.0 (clang-1200.0.32.29) on 17 March 2021 15:04:05
os: Darwin-19.6.0 Darwin Kernel Version 19.6.0: Thu Jun 18 20:49:00 PDT 2020; root:xnu-6153.141.1~1/RELEASE_X86_64
nodename: bogon
machine: x86_64
clock source: unix
pcre jit disabled
detected number of CPU cores: 12
current working directory: /Users/zhangxiaoshan/workspace/projects/GitCache
writing pidfile to ./bin/uwsgi/uwsgi.pid
open("./bin/uwsgi/uwsgi.pid"): No such file or directory [core/utils.c line 3624]
*** Starting uWSGI 2.0.19.1 (64bit) on [Sun Apr 11 12:50:42 2021] ***
compiled with version: Apple LLVM 12.0.0 (clang-1200.0.32.29) on 17 March 2021 15:04:05
os: Darwin-19.6.0 Darwin Kernel Version 19.6.0: Thu Jun 18 20:49:00 PDT 2020; root:xnu-6153.141.1~1/RELEASE_X86_64
nodename: bogon
machine: x86_64
clock source: unix
pcre jit disabled
detected number of CPU cores: 12
current working directory: /Users/zhangxiaoshan/workspace/projects/GitCache
writing pidfile to ./bin/uwsgi/uwsgi.pid
open("./bin/uwsgi/uwsgi.pid"): No such file or directory [core/utils.c line 3624]
*** Starting uWSGI 2.0.19.1 (64bit) on [Sun Apr 11 12:52:15 2021] ***
compiled with version: Apple LLVM 12.0.0 (clang-1200.0.32.29) on 17 March 2021 15:04:05
os: Darwin-19.6.0 Darwin Kernel Version 19.6.0: Thu Jun 18 20:49:00 PDT 2020; root:xnu-6153.141.1~1/RELEASE_X86_64
nodename: bogon
machine: x86_64
clock source: unix
pcre jit disabled
detected number of CPU cores: 12
current working directory: /Users/zhangxiaoshan/workspace/projects/GitCache
writing pidfile to ./bin/uwsgi/uwsgi.pid
detected binary path: /Users/zhangxiaoshan/workspace/projects/GitCache/venv/bin/uwsgi
chdir() to .
your processes number limit is 5568
your memory page size is 4096 bytes
detected max file descriptor number: 2560
lock engine: OSX spinlocks
thunder lock: enabled
uWSGI http bound on 127.0.0.1:5056 fd 4
uwsgi socket 0 bound to TCP address 127.0.0.1:49931 (port auto-assigned) fd 3
Python version: 2.7.16 (default, Jun  5 2020, 22:59:21)  [GCC 4.2.1 Compatible Apple LLVM 11.0.3 (clang-1103.0.29.20) (-macos10.15-objc-selector-opts)]
Python main interpreter initialized at 0x7fea68609200
python threads support enabled
your server socket listen backlog is limited to 100 connections
your mercy for graceful operations on workers is 60 seconds
mapped 486528 bytes (475 KB) for 5 cores
*** Operational MODE: preforking ***
WSGI app 0 (mountpoint='') ready in 1 seconds on interpreter 0x7fea68609200 pid: 13467 (default app)
*** uWSGI is running in multiple interpreter mode ***
spawned uWSGI master process (pid: 13467)
spawned uWSGI worker 1 (pid: 13469, cores: 1)
spawned uWSGI worker 2 (pid: 13470, cores: 1)
spawned uWSGI worker 3 (pid: 13471, cores: 1)
spawned uWSGI worker 4 (pid: 13472, cores: 1)
spawned uWSGI worker 5 (pid: 13473, cores: 1)
*** Stats server enabled on ./bin/uwsgi/uwsgi.status fd: 20 ***
spawned uWSGI http 1 (pid: 13474)
[pid: 13469|app: 0|req: 1/1] 127.0.0.1 () {50 vars in 942 bytes} [Sun Apr 11 12:52:28 2021] GET /index => generated 4863 bytes in 12 msecs (HTTP/1.1 200) 2 headers in 81 bytes (1 switches on core 0)
[pid: 13469|app: 0|req: 2/2] 127.0.0.1 () {48 vars in 904 bytes} [Sun Apr 11 12:52:37 2021] GET /index => generated 4863 bytes in 0 msecs (HTTP/1.1 200) 2 headers in 81 bytes (2 switches on core 0)
[pid: 13469|app: 0|req: 3/3] 127.0.0.1 () {50 vars in 942 bytes} [Sun Apr 11 12:52:50 2021] GET /index => generated 4863 bytes in 0 msecs (HTTP/1.1 200) 2 headers in 81 bytes (2 switches on core 0)
[pid: 13469|app: 0|req: 4/4] 127.0.0.1 () {50 vars in 942 bytes} [Sun Apr 11 12:52:51 2021] GET /index => generated 4863 bytes in 0 msecs (HTTP/1.1 200) 2 headers in 81 bytes (1 switches on core 0)
[pid: 13469|app: 0|req: 5/5] 127.0.0.1 () {50 vars in 942 bytes} [Sun Apr 11 12:52:52 2021] GET /index => generated 4863 bytes in 0 msecs (HTTP/1.1 200) 2 headers in 81 bytes (1 switches on core 0)
[pid: 13469|app: 0|req: 6/6] 127.0.0.1 () {50 vars in 942 bytes} [Sun Apr 11 12:52:53 2021] GET /index => generated 4863 bytes in 0 msecs (HTTP/1.1 200) 2 headers in 81 bytes (1 switches on core 0)
[pid: 13469|app: 0|req: 7/7] 127.0.0.1 () {50 vars in 942 bytes} [Sun Apr 11 12:52:54 2021] GET /index => generated 4863 bytes in 0 msecs (HTTP/1.1 200) 2 headers in 81 bytes (1 switches on core 0)
[pid: 13469|app: 0|req: 8/8] 127.0.0.1 () {50 vars in 942 bytes} [Sun Apr 11 12:52:55 2021] GET /index => generated 4863 bytes in 0 msecs (HTTP/1.1 200) 2 headers in 81 bytes (2 switches on core 0)
[pid: 13469|app: 0|req: 9/9] 127.0.0.1 () {50 vars in 942 bytes} [Sun Apr 11 12:52:56 2021] GET /index => generated 4863 bytes in 0 msecs (HTTP/1.1 200) 2 headers in 81 bytes (1 switches on core 0)
[pid: 13469|app: 0|req: 10/10] 127.0.0.1 () {50 vars in 942 bytes} [Sun Apr 11 12:52:57 2021] GET /index => generated 4863 bytes in 0 msecs (HTTP/1.1 200) 2 headers in 81 bytes (1 switches on core 0)
[pid: 13469|app: 0|req: 11/11] 127.0.0.1 () {50 vars in 942 bytes} [Sun Apr 11 12:52:58 2021] GET /index => generated 4863 bytes in 0 msecs (HTTP/1.1 200) 2 headers in 81 bytes (1 switches on core 0)
[pid: 13469|app: 0|req: 12/12] 127.0.0.1 () {50 vars in 942 bytes} [Sun Apr 11 12:52:59 2021] GET /index => generated 4863 bytes in 0 msecs (HTTP/1.1 200) 2 headers in 81 bytes (1 switches on core 0)
[pid: 13469|app: 0|req: 13/13] 127.0.0.1 () {50 vars in 942 bytes} [Sun Apr 11 12:53:00 2021] GET /index => generated 4863 bytes in 0 msecs (HTTP/1.1 200) 2 headers in 81 bytes (1 switches on core 0)
